Дата: 17.12.23 | Время: 16:58:10
<function test_1.<locals>.hello_world at 0x00000244AE7BFC10>
(){}
Hello World

Дата: 17.12.23 | Время: 16:58:10
<function test_1.<locals>.summator at 0x00000244AE7BFDC0>
(2, 2){}
4

Дата: 17.12.23 | Время: 16:58:10
<function test_1.<locals>.div at 0x00000244AE7BFF70>
(6, 2){}
3.0

Дата: 17.12.23 | Время: 16:58:10
<function test_1.<locals>.summator at 0x00000244AE7BFDC0>
(4.3,){'b': 2.2}
6.5

Дата: 17.12.23 | Время: 16:58:10
<function test_1.<locals>.summator at 0x00000244AE7BFDC0>
(){'a': 0, 'b': 0}
0

Дата: 17.12.23 | Время: 16:58:10
<function read_cook_book_in_file at 0x00000244AE7BFA60>
('recipes.txt',){}
{'Омлет': [{'ingredient_name': 'Яйцо', 'quantity': '2', 'measure': 'шт'}, {'ingredient_name': 'Молоко', 'quantity': '100', 'measure': 'мл'}, {'ingredient_name': 'Помидор', 'quantity': '2', 'measure': 'шт'}], 'Утка по-пекински': [{'ingredient_name': 'Утка', 'quantity': '1', 'measure': 'шт'}, {'ingredient_name': 'Вода', 'quantity': '2', 'measure': 'л'}, {'ingredient_name': 'Мед', 'quantity': '3', 'measure': 'ст.л'}, {'ingredient_name': 'Соевый соус', 'quantity': '60', 'measure': 'мл'}], 'Запеченный картофель': [{'ingredient_name': 'Картофель', 'quantity': '1', 'measure': 'кг'}, {'ingredient_name': 'Чеснок', 'quantity': '3', 'measure': 'зубч'}, {'ingredient_name': 'Сыр гауда', 'quantity': '100', 'measure': 'г'}], 'Фахитос': [{'ingredient_name': 'Говядина', 'quantity': '500', 'measure': 'г'}, {'ingredient_name': 'Перец сладкий', 'quantity': '1', 'measure': 'шт'}, {'ingredient_name': 'Лаваш', 'quantity': '2', 'measure': 'шт'}, {'ingredient_name': 'Винный уксус', 'quantity': '1', 'measure': 'ст.л'}, {'ingredient_name': 'Помидор', 'quantity': '2', 'measure': 'шт'}]}

